<?xml version="1.0" encoding="UTF-8"?>
<!-- Generated by org.testng.reporters.JUnitReportReporter -->
<testsuite hostname="LAPTOP-L5FSH07B" failures="0" tests="1" name="com.qa.testscript.TC_009_Registration" time="68.385" errors="0" timestamp="2021-09-21T16:51:30 IST" skipped="0">
  <testcase classname="com.qa.testscript.TC_009_Registration" name="Account" time="68.385"/>
  <system-out/>
</testsuite> <!-- com.qa.testscript.TC_009_Registration -->
