<?xml version="1.0" encoding="UTF-8"?>
<!-- Generated by org.testng.reporters.JUnitReportReporter -->
<testsuite hostname="LAPTOP-L5FSH07B" failures="0" tests="1" name="com.qa.testscript.TC_003_Wishlist" time="11.510" errors="0" timestamp="2021-09-20T23:29:47 IST" skipped="0">
  <testcase classname="com.qa.testscript.TC_003_Wishlist" name="Wishlist" time="11.510"/>
  <system-out/>
</testsuite> <!-- com.qa.testscript.TC_003_Wishlist -->
