<?xml version="1.0" encoding="UTF-8"?>
<!-- Generated by org.testng.reporters.JUnitReportReporter -->
<testsuite hostname="LAPTOP-L5FSH07B" failures="0" tests="3" name="com.qa.testscript.TC_006_Address" time="30.708" errors="0" timestamp="2021-09-20T12:58:22 IST" skipped="0">
  <testcase classname="com.qa.testscript.TC_006_Address" name="update_Address" time="13.924"/>
  <system-out/>
  <testcase classname="com.qa.testscript.TC_006_Address" name="add_new_address" time="12.701"/>
  <system-out/>
  <testcase classname="com.qa.testscript.TC_006_Address" name="delete_address" time="4.083"/>
  <system-out/>
</testsuite> <!-- com.qa.testscript.TC_006_Address -->
