<?xml version="1.0" encoding="UTF-8"?>
<!-- Generated by org.testng.reporters.JUnitReportReporter -->
<testsuite hostname="LAPTOP-L5FSH07B" failures="0" tests="1" name="com.qa.testscript.Tc_006_Product_remove_cart" time="16.154" errors="0" timestamp="2021-09-20T12:58:22 IST" skipped="0">
  <testcase classname="com.qa.testscript.Tc_006_Product_remove_cart" name="delete_item_cart" time="16.154"/>
  <system-out/>
</testsuite> <!-- com.qa.testscript.Tc_006_Product_remove_cart -->
