<?xml version="1.0" encoding="UTF-8"?>
<!-- Generated by org.testng.reporters.JUnitReportReporter -->
<testsuite hostname="LAPTOP-L5FSH07B" failures="0" tests="1" name="com.qa.testscript.TC_007_Update_Password" time="3.247" errors="0" timestamp="2021-09-20T23:29:48 IST" skipped="0">
  <testcase classname="com.qa.testscript.TC_007_Update_Password" name="update_password" time="3.247"/>
  <system-out/>
</testsuite> <!-- com.qa.testscript.TC_007_Update_Password -->
