<?xml version="1.0" encoding="UTF-8"?>
<!-- Generated by org.testng.reporters.JUnitReportReporter -->
<testsuite hostname="LAPTOP-L5FSH07B" failures="0" tests="3" name="com.qa.testscript.TC_006_Update_Address" time="32.522" errors="0" timestamp="2021-09-20T23:29:47 IST" skipped="0">
  <testcase classname="com.qa.testscript.TC_006_Update_Address" name="update_Address" time="16.159"/>
  <system-out/>
  <testcase classname="com.qa.testscript.TC_006_Update_Address" name="add_new_address" time="12.261"/>
  <system-out/>
  <testcase classname="com.qa.testscript.TC_006_Update_Address" name="delete_address" time="4.102"/>
  <system-out/>
</testsuite> <!-- com.qa.testscript.TC_006_Update_Address -->
