<?xml version="1.0" encoding="UTF-8"?>
<!-- Generated by org.testng.reporters.JUnitReportReporter -->
<testsuite hostname="LAPTOP-L5FSH07B" failures="0" tests="7" name="com.qa.testscript.TC_005_AddToCart" time="76.398" errors="0" timestamp="2021-09-20T12:58:22 IST" skipped="0">
  <testcase classname="com.qa.testscript.TC_005_AddToCart" name="VerifyQuantity" time="4.196"/>
  <system-out/>
  <testcase classname="com.qa.testscript.TC_005_AddToCart" name="Verify_Cart" time="14.008"/>
  <system-out/>
  <testcase classname="com.qa.testscript.TC_005_AddToCart" name="Payment" time="13.295"/>
  <system-out/>
  <testcase classname="com.qa.testscript.TC_005_AddToCart" name="SelectQuantity" time="3.225"/>
  <system-out/>
  <testcase classname="com.qa.testscript.TC_005_AddToCart" name="SelectSize_color" time="10.081"/>
  <system-out/>
  <testcase classname="com.qa.testscript.TC_005_AddToCart" name="verifyAddToCart" time="17.274"/>
  <system-out/>
  <testcase classname="com.qa.testscript.TC_005_AddToCart" name="navigate_to_home" time="14.319"/>
  <system-out/>
</testsuite> <!-- com.qa.testscript.TC_005_AddToCart -->
