<?xml version="1.0" encoding="UTF-8"?>
<!-- Generated by org.testng.reporters.JUnitReportReporter -->
<testsuite hostname="LAPTOP-L5FSH07B" failures="0" tests="1" name="com.qa.testscript.TC_005_Product_remove_cart" time="22.742" errors="0" timestamp="2021-09-20T23:29:47 IST" skipped="0">
  <testcase classname="com.qa.testscript.TC_005_Product_remove_cart" name="delete_item_cart" time="22.742"/>
  <system-out/>
</testsuite> <!-- com.qa.testscript.TC_005_Product_remove_cart -->
