<?xml version="1.0" encoding="UTF-8"?>
<!-- Generated by org.testng.reporters.JUnitReportReporter -->
<testsuite hostname="LAPTOP-L5FSH07B" failures="0" tests="3" name="com.qa.testscript.TC_001_Search_item" time="16.963" errors="0" timestamp="2021-09-20T23:29:47 IST" skipped="0">
  <testcase classname="com.qa.testscript.TC_001_Search_item" name="searchTest" time="4.750"/>
  <system-out>
 Printed Chiffon Dress Faded Short Sleeve T-shirts Blouse Printed Summer Dress Printed Dress Printed Summer Dress Printed Dress Printed Summer Dress Printed Summer Dress Printed Summer Dress Printed Chiffon Dress Faded Short Sleeve T-shirts  </system-out>
  <testcase classname="com.qa.testscript.TC_001_Search_item" name="searchTest" time="7.399"/>
  <system-out>
 Printed Chiffon Dress Faded Short Sleeve T-shirts Blouse Printed Summer Dress Printed Dress Printed Summer Dress Printed Dress Printed Summer Dress Printed Summer Dress Printed Dress Printed Chiffon Dress Printed Summer Dress Printed Dress  </system-out>
  <testcase classname="com.qa.testscript.TC_001_Search_item" name="searchTest" time="4.814"/>
  <system-out>
 Printed Chiffon Dress Faded Short Sleeve T-shirts Blouse Printed Summer Dress Printed Dress Printed Summer Dress Printed Dress Printed Chiffon Dress Printed Summer Dress Printed Dress Faded Short Sleeve T-shirts Blouse  </system-out>
</testsuite> <!-- com.qa.testscript.TC_001_Search_item -->
