<?xml version="1.0" encoding="UTF-8"?>
<!-- Generated by org.testng.reporters.JUnitReportReporter -->
<testsuite hostname="LAPTOP-L5FSH07B" failures="0" tests="1" name="com.qa.testscript.TestBase" time="0.009" errors="0" timestamp="2021-09-17T12:38:49 IST" skipped="0">
  <testcase classname="com.qa.testscript.TestBase" name="potti" time="0.009"/>
  <system-out/>
</testsuite> <!-- com.qa.testscript.TestBase -->
